<?xml version="1.0" encoding="UTF-8"?>
<robot generator="Robot 7.4.2 (Python 3.13.14 on win32)" generated="2026-08-12T16:47:48.482747" rpa="false" schemaversion="5">
<suite id="s1" name="Form" source="C:\Users\henrique.malaquias\Documents\Robot\form.robot">
<test id="s1-t1" name="Cenário 1: Preencher formulário" line="33">
<kw name="Acessar site">
<kw name="Open Browser" owner="SeleniumLibrary">
<msg time="2026-08-12T16:47:48.764332" level="INFO">Opening browser 'chrome' to base url 'https://www.way2automation.com/practicesite/#forms'.</msg>
<arg>https://www.way2automation.com/practicesite/#forms</arg>
<arg>chrome</arg>
<doc>Opens a new browser instance to the optional ``url``.</doc>
<status status="PASS" start="2026-08-12T16:47:48.764104" elapsed="2.435748"/>
</kw>
<kw name="Maximize Browser Window" owner="SeleniumLibrary">
<doc>Maximizes current browser window.</doc>
<status status="PASS" start="2026-08-12T16:47:51.200238" elapsed="0.038707"/>
</kw>
<kw name="Set Window Size" owner="SeleniumLibrary">
<arg>1920</arg>
<arg>1080</arg>
<doc>Sets current windows size to given ``width`` and ``height``.</doc>
<status status="PASS" start="2026-08-12T16:47:51.239138" elapsed="0.372886"/>
</kw>
<status status="PASS" start="2026-08-12T16:47:48.763550" elapsed="2.848725"/>
</kw>
<kw name="Preencher campos">
<kw name="Input Text" owner="SeleniumLibrary">
<msg time="2026-08-12T16:47:51.613996" level="INFO">Typing text 'Henrique' into text field '//input[@id="full-name"]'.</msg>
<arg>${input_fullName}</arg>
<arg>Henrique</arg>
<doc>Types the given ``text`` into the text field identified by ``locator``.</doc>
<status status="PASS" start="2026-08-12T16:47:51.613409" elapsed="0.078823"/>
</kw>
<kw name="Input Text" owner="SeleniumLibrary">
<msg time="2026-08-12T16:47:51.692772" level="INFO">Typing text 'senha1234' into text field 'id:password'.</msg>
<arg>${input_password}</arg>
<arg>senha1234</arg>
<doc>Types the given ``text`` into the text field identified by ``locator``.</doc>
<status status="PASS" start="2026-08-12T16:47:51.692437" elapsed="0.048293"/>
</kw>
<kw name="Input Text" owner="SeleniumLibrary">
<msg time="2026-08-12T16:47:51.741131" level="INFO">Typing text 'teste@teste.com' into text field 'id:email'.</msg>
<arg>${input_email}</arg>
<arg>teste@teste.com</arg>
<doc>Types the given ``text`` into the text field identified by ``locator``.</doc>
<status status="PASS" start="2026-08-12T16:47:51.740888" elapsed="0.051334"/>
</kw>
<kw name="Input Text" owner="SeleniumLibrary">
<msg time="2026-08-12T16:47:51.793170" level="INFO">Typing text 'Teste de Automação Robot' into text field 'id:notes'.</msg>
<arg>${textarea_notes}</arg>
<arg>Teste de Automação Robot</arg>
<doc>Types the given ``text`` into the text field identified by ``locator``.</doc>
<status status="PASS" start="2026-08-12T16:47:51.792479" elapsed="0.144728"/>
</kw>
<kw name="Select From List By Label" owner="SeleniumLibrary">
<msg time="2026-08-12T16:47:51.938056" level="INFO">Selecting options from selection list 'id:tool' by label Robot Framework.</msg>
<arg>${select_tool}</arg>
<arg>Robot Framework</arg>
<doc>Selects options from selection list ``locator`` by ``labels``.</doc>
<status status="PASS" start="2026-08-12T16:47:51.937636" elapsed="0.069710"/>
</kw>
<status status="PASS" start="2026-08-12T16:47:51.612977" elapsed="0.394511"/>
</kw>
<kw name="Clicar em submit">
<kw name="Scroll Element Into View" owner="SeleniumLibrary">
<arg>//button[@data-testid="practice-submit"]</arg>
<doc>Scrolls the element identified by ``locator`` into view.</doc>
<status status="PASS" start="2026-08-12T16:47:52.008112" elapsed="0.288190"/>
</kw>
<kw name="Click Element" owner="SeleniumLibrary">
<msg time="2026-08-12T16:47:52.297170" level="INFO">Clicking element '//button[@data-testid="practice-submit"]'.</msg>
<arg>//button[@data-testid="practice-submit"]</arg>
<doc>Click the element identified by ``locator``.</doc>
<status status="PASS" start="2026-08-12T16:47:52.296715" elapsed="0.043928"/>
</kw>
<status status="PASS" start="2026-08-12T16:47:52.007844" elapsed="0.332927"/>
</kw>
<kw name="Close Browser" owner="SeleniumLibrary">
<doc>Closes the current browser.</doc>
<status status="PASS" start="2026-08-12T16:47:52.341111" elapsed="2.217962"/>
</kw>
<status status="PASS" start="2026-08-12T16:47:48.762848" elapsed="5.796826"/>
</test>
<status status="PASS" start="2026-08-12T16:47:48.484164" elapsed="6.077097"/>
</suite>
<statistics>
<total>
<stat pass="1" fail="0" skip="0">All Tests</stat>
</total>
<tag>
</tag>
<suite>
<stat name="Form" id="s1" pass="1" fail="0" skip="0">Form</stat>
</suite>
</statistics>
<errors>
</errors>
</robot>
