<?xml version="1.0" encoding="UTF-8"?>
<robot generator="Robot 7.4.2 (Python 3.13.14 on win32)" generated="2026-09-02T15:14:36.131272" rpa="false" schemaversion="5">
<suite id="s1" name="Primeiro-Cenario" source="C:\Users\henrique.malaquias\Documents\Robot\primeiro-cenario.robot">
<test id="s1-t1" name="CT01 - Efetuar login com sucesso" line="25">
<kw name="Preencher os dados de login">
<kw name="Abrir navegador">
<kw name="Open Browser" owner="SeleniumLibrary">
<msg time="2026-09-02T15:14:36.412217" level="INFO">Opening browser 'chrome' to base url 'https://practicetestautomation.com/practice-test-login/'.</msg>
<arg>browser=chrome</arg>
<arg>url=https://practicetestautomation.com/practice-test-login/</arg>
<doc>Opens a new browser instance to the optional ``url``.</doc>
<status status="PASS" start="2026-09-02T15:14:36.412034" elapsed="2.432486"/>
</kw>
<status status="PASS" start="2026-09-02T15:14:36.411515" elapsed="2.433258"/>
</kw>
<kw name="Input Text" owner="SeleniumLibrary">
<msg time="2026-09-02T15:14:38.845664" level="INFO">Typing text 'student' into text field 'id:username'.</msg>
<arg>locator=${username}</arg>
<arg>text=student</arg>
<doc>Types the given ``text`` into the text field identified by ``locator``.</doc>
<status status="PASS" start="2026-09-02T15:14:38.845062" elapsed="0.066847"/>
</kw>
<kw name="Input Text" owner="SeleniumLibrary">
<msg time="2026-09-02T15:14:38.913244" level="INFO">Typing text 'Password123' into text field 'id:password'.</msg>
<arg>locator=${password}</arg>
<arg>text=Password123</arg>
<doc>Types the given ``text`` into the text field identified by ``locator``.</doc>
<status status="PASS" start="2026-09-02T15:14:38.912226" elapsed="0.055508"/>
</kw>
<kw name="Click Button" owner="SeleniumLibrary">
<msg time="2026-09-02T15:14:38.968114" level="INFO">Clicking button '//button[@id="submit"]'.</msg>
<arg>locator=//button[@id="submit"]</arg>
<doc>Clicks the button identified by ``locator``.</doc>
<status status="PASS" start="2026-09-02T15:14:38.967896" elapsed="0.751670"/>
</kw>
<status status="PASS" start="2026-09-02T15:14:36.411232" elapsed="3.308492"/>
</kw>
<kw name="Verificar se houve o redirecionamento para a página de login com sucesso">
<kw name="Location Should Contain" owner="SeleniumLibrary">
<msg time="2026-09-02T15:14:39.724938" level="INFO">Current location contains 'practicetestautomation.com/logged-in-successfully/'.</msg>
<arg>expected=practicetestautomation.com/logged-in-successfully/</arg>
<doc>Verifies that the current URL contains ``expected``.</doc>
<status status="PASS" start="2026-09-02T15:14:39.720486" elapsed="0.004560"/>
</kw>
<status status="PASS" start="2026-09-02T15:14:39.720174" elapsed="0.004968"/>
</kw>
<kw name="Verificar se a mensagem de login com sucesso foi exibida">
<kw name="Page Should Contain" owner="SeleniumLibrary">
<msg time="2026-09-02T15:14:39.742020" level="INFO">Current page contains text 'Logged In Successfully'.</msg>
<arg>Logged In Successfully</arg>
<doc>Verifies that current page contains ``text``.</doc>
<status status="PASS" start="2026-09-02T15:14:39.725967" elapsed="0.016135"/>
</kw>
<status status="PASS" start="2026-09-02T15:14:39.725665" elapsed="0.016516"/>
</kw>
<status status="PASS" start="2026-09-02T15:14:36.410415" elapsed="3.332068"/>
</test>
<status status="PASS" start="2026-09-02T15:14:36.133404" elapsed="3.609869"/>
</suite>
<statistics>
<total>
<stat pass="1" fail="0" skip="0">All Tests</stat>
</total>
<tag>
</tag>
<suite>
<stat name="Primeiro-Cenario" id="s1" pass="1" fail="0" skip="0">Primeiro-Cenario</stat>
</suite>
</statistics>
<errors>
</errors>
</robot>
