<?xml version="1.0" encoding="UTF-8"?>
<robot generator="Robot 7.4.2 (Python 3.13.14 on win32)" generated="2026-08-12T16:49:34.747549" rpa="false" schemaversion="5">
<suite id="s1" name="Robot" source="C:\Users\henrique.malaquias\Documents\Robot">
<suite id="s1-s1" name="Form" source="C:\Users\henrique.malaquias\Documents\Robot\form.robot">
<test id="s1-s1-t1" name="Cenário 1: Preencher formulário" line="32">
<kw name="Acessar site">
<kw name="Open Browser" owner="SeleniumLibrary">
<msg time="2026-08-12T16:49:35.060550" level="INFO">Opening browser 'chrome' to base url 'https://www.way2automation.com/practicesite/#forms'.</msg>
<arg>https://www.way2automation.com/practicesite/#forms</arg>
<arg>chrome</arg>
<doc>Opens a new browser instance to the optional ``url``.</doc>
<status status="PASS" start="2026-08-12T16:49:35.059947" elapsed="2.719915"/>
</kw>
<kw name="Maximize Browser Window" owner="SeleniumLibrary">
<doc>Maximizes current browser window.</doc>
<status status="PASS" start="2026-08-12T16:49:37.780738" elapsed="0.049718"/>
</kw>
<status status="PASS" start="2026-08-12T16:49:35.058542" elapsed="2.772311"/>
</kw>
<kw name="Preencher campos">
<kw name="Input Text" owner="SeleniumLibrary">
<msg time="2026-08-12T16:49:37.832678" level="INFO">Typing text 'Henrique' into text field '//input[@id="full-name"]'.</msg>
<arg>${input_fullName}</arg>
<arg>Henrique</arg>
<doc>Types the given ``text`` into the text field identified by ``locator``.</doc>
<status status="PASS" start="2026-08-12T16:49:37.832036" elapsed="0.148633"/>
</kw>
<kw name="Input Text" owner="SeleniumLibrary">
<msg time="2026-08-12T16:49:37.981282" level="INFO">Typing text 'senha1234' into text field 'id:password'.</msg>
<arg>${input_password}</arg>
<arg>senha1234</arg>
<doc>Types the given ``text`` into the text field identified by ``locator``.</doc>
<status status="PASS" start="2026-08-12T16:49:37.980887" elapsed="0.129740"/>
</kw>
<kw name="Input Text" owner="SeleniumLibrary">
<msg time="2026-08-12T16:49:38.111541" level="INFO">Typing text 'teste@teste.com' into text field 'id:email'.</msg>
<arg>${input_email}</arg>
<arg>teste@teste.com</arg>
<doc>Types the given ``text`` into the text field identified by ``locator``.</doc>
<status status="PASS" start="2026-08-12T16:49:38.110929" elapsed="0.060155"/>
</kw>
<kw name="Input Text" owner="SeleniumLibrary">
<msg time="2026-08-12T16:49:38.171820" level="INFO">Typing text 'Teste de Automação Robot' into text field 'id:notes'.</msg>
<arg>${textarea_notes}</arg>
<arg>Teste de Automação Robot</arg>
<doc>Types the given ``text`` into the text field identified by ``locator``.</doc>
<status status="PASS" start="2026-08-12T16:49:38.171382" elapsed="0.061267"/>
</kw>
<kw name="Select From List By Label" owner="SeleniumLibrary">
<msg time="2026-08-12T16:49:38.234666" level="INFO">Selecting options from selection list 'id:tool' by label Robot Framework.</msg>
<arg>${select_tool}</arg>
<arg>Robot Framework</arg>
<doc>Selects options from selection list ``locator`` by ``labels``.</doc>
<status status="PASS" start="2026-08-12T16:49:38.233340" elapsed="0.079350"/>
</kw>
<status status="PASS" start="2026-08-12T16:49:37.831469" elapsed="0.481397"/>
</kw>
<kw name="Clicar em submit">
<kw name="Scroll Element Into View" owner="SeleniumLibrary">
<arg>//button[@data-testid="practice-submit"]</arg>
<doc>Scrolls the element identified by ``locator`` into view.</doc>
<status status="PASS" start="2026-08-12T16:49:38.314256" elapsed="0.294306"/>
</kw>
<kw name="Click Element" owner="SeleniumLibrary">
<msg time="2026-08-12T16:49:38.610289" level="INFO">Clicking element '//button[@data-testid="practice-submit"]'.</msg>
<arg>//button[@data-testid="practice-submit"]</arg>
<doc>Click the element identified by ``locator``.</doc>
<status status="PASS" start="2026-08-12T16:49:38.609229" elapsed="0.051183"/>
</kw>
<status status="PASS" start="2026-08-12T16:49:38.313285" elapsed="0.347297"/>
</kw>
<kw name="Close Browser" owner="SeleniumLibrary">
<doc>Closes the current browser.</doc>
<status status="PASS" start="2026-08-12T16:49:38.660878" elapsed="2.214508"/>
</kw>
<status status="PASS" start="2026-08-12T16:49:35.046206" elapsed="5.830210"/>
</test>
<status status="PASS" start="2026-08-12T16:49:34.792166" elapsed="6.092082"/>
</suite>
<status status="PASS" start="2026-08-12T16:49:34.752320" elapsed="6.136719"/>
</suite>
<statistics>
<total>
<stat pass="1" fail="0" skip="0">All Tests</stat>
</total>
<tag>
</tag>
<suite>
<stat name="Robot" id="s1" pass="1" fail="0" skip="0">Robot</stat>
<stat name="Form" id="s1-s1" pass="1" fail="0" skip="0">Robot.Form</stat>
</suite>
</statistics>
<errors>
</errors>
</robot>
